<?xml version="1.0" encoding="UTF-8"?>
<!-- Generated by org.testng.reporters.JUnitReportReporter -->
<testsuite skipped="0" hostname="Giridhars-MBP" name="com.gt.tests.ZippopotamTests" tests="5" failures="0" timestamp="2021-02-06T07:38:56 GMT" time="3.644" errors="0">
  <testcase name="validateBodyTest" time="0.741" classname="com.gt.tests.ZippopotamTests"/>
  <system-out/>
  <testcase name="statusCodeTest" time="0.231" classname="com.gt.tests.ZippopotamTests"/>
  <system-out/>
  <testcase name="contentTypeTest" time="2.000" classname="com.gt.tests.ZippopotamTests"/>
  <system-out/>
  <testcase name="loggingTest" time="0.274" classname="com.gt.tests.ZippopotamTests"/>
  <system-out/>
  <testcase name="validateValueArrayTest" time="0.398" classname="com.gt.tests.ZippopotamTests"/>
  <system-out/>
</testsuite> <!-- com.gt.tests.ZippopotamTests -->
